# JRE version: Java(TM) SE Runtime Environment (23.0+37) (build 23+37-2369)
# Java VM: Java HotSpot(TM) 64-Bit Server VM (23+37-2369, mixed mode, sharing, tiered, compressed oops, compressed class ptrs, g1 gc, windows-amd64)
GC Precious Log:
 CardTable entry size: 512
 Card Set container configuration: InlinePtr #cards 4 size 8 Array Of Cards #cards 16 size 48 Howl #buckets 8 coarsen threshold 3686 Howl Bitmap #cards 512 size 80 coarsen threshold 460 Card regions per heap region 1 cards per card region 4096
 CPUs: 8 total, 8 available
 Memory: 16118M
 Large Page Support: Disabled
 NUMA Support: Disabled
 Compressed Oops: Enabled (Zero based)
 Heap Region Size: 2M
 Heap Min Capacity: 8M
 Heap Initial Capacity: 252M
 Heap Max Capacity: 4030M
 Pre-touch: Disabled
 Parallel Workers: 8
 Concurrent Workers: 2
 Concurrent Refinement Workers: 8
 Periodic GC: Disabled
Heap:
 garbage-first heap   total reserved 4126720K, committed 81920K, used 42429K [0x0000000704200000, 0x0000000800000000)
  region size 2048K, 3 young (6144K), 1 survivors (2048K)
 Metaspace       used 88110K, committed 88896K, reserved 1179648K
  class space    used 11873K, committed 12224K, reserved 1048576K
GC Heap History (20 events):
Event: 206.523 GC heap before
{Heap before GC invocations=90 (full 0):
 garbage-first heap   total reserved 4126720K, committed 81920K, used 71077K [0x0000000704200000, 0x0000000800000000)
  region size 2048K, 17 young (34816K), 1 survivors (2048K)
 Metaspace       used 88095K, committed 88896K, reserved 1179648K
  class space    used 11873K, committed 12224K, reserved 1048576K
}
Event: 206.524 GC heap after
{Heap after GC invocations=91 (full 0):
 garbage-first heap   total reserved 4126720K, committed 81920K, used 40349K [0x0000000704200000, 0x0000000800000000)
  region size 2048K, 1 young (2048K), 1 survivors (2048K)
 Metaspace       used 88095K, committed 88896K, reserved 1179648K
  class space    used 11873K, committed 12224K, reserved 1048576K
}
Event: 206.941 GC heap before
{Heap before GC invocations=91 (full 0):
 garbage-first heap   total reserved 4126720K, committed 81920K, used 71069K [0x0000000704200000, 0x0000000800000000)
  region size 2048K, 17 young (34816K), 1 survivors (2048K)
 Metaspace       used 88103K, committed 88896K, reserved 1179648K
  class space    used 11873K, committed 12224K, reserved 1048576K
}
Event: 206.942 GC heap after
{Heap after GC invocations=92 (full 0):
 garbage-first heap   total reserved 4126720K, committed 81920K, used 40341K [0x0000000704200000, 0x0000000800000000)
  region size 2048K, 1 young (2048K), 1 survivors (2048K)
 Metaspace       used 88103K, committed 88896K, reserved 1179648K
  class space    used 11873K, committed 12224K, reserved 1048576K
}
Event: 207.327 GC heap before
{Heap before GC invocations=93 (full 0):
 garbage-first heap   total reserved 4126720K, committed 81920K, used 71061K [0x0000000704200000, 0x0000000800000000)
  region size 2048K, 17 young (34816K), 1 survivors (2048K)
 Metaspace       used 88103K, committed 88896K, reserved 1179648K
  class space    used 11873K, committed 12224K, reserved 1048576K
}
Event: 207.328 GC heap after
{Heap after GC invocations=94 (full 0):
 garbage-first heap   total reserved 4126720K, committed 81920K, used 40357K [0x0000000704200000, 0x0000000800000000)
  region size 2048K, 1 young (2048K), 1 survivors (2048K)
 Metaspace       used 88103K, committed 88896K, reserved 1179648K
  class space    used 11873K, committed 12224K, reserved 1048576K
}
Event: 207.766 GC heap before
{Heap before GC invocations=94 (full 0):
 garbage-first heap   total reserved 4126720K, committed 81920K, used 71077K [0x0000000704200000, 0x0000000800000000)
  region size 2048K, 17 young (34816K), 1 survivors (2048K)
 Metaspace       used 88108K, committed 88896K, reserved 1179648K
  class space    used 11873K, committed 12224K, reserved 1048576K
}
Event: 207.768 GC heap after
{Heap after GC invocations=95 (full 0):
 garbage-first heap   total reserved 4126720K, committed 81920K, used 40389K [0x0000000704200000, 0x0000000800000000)
  region size 2048K, 1 young (2048K), 1 survivors (2048K)
 Metaspace       used 88108K, committed 88896K, reserved 1179648K
  class space    used 11873K, committed 12224K, reserved 1048576K
}
Event: 208.242 GC heap before
{Heap before GC invocations=96 (full 0):
 garbage-first heap   total reserved 4126720K, committed 81920K, used 71109K [0x0000000704200000, 0x0000000800000000)
  region size 2048K, 17 young (34816K), 1 survivors (2048K)
 Metaspace       used 88108K, committed 88896K, reserved 1179648K
  class space    used 11873K, committed 12224K, reserved 1048576K
}
Event: 208.243 GC heap after
{Heap after GC invocations=97 (full 0):
 garbage-first heap   total reserved 4126720K, committed 81920K, used 40353K [0x0000000704200000, 0x0000000800000000)
  region size 2048K, 1 young (2048K), 1 survivors (2048K)
 Metaspace       used 88108K, committed 88896K, reserved 1179648K
  class space    used 11873K, committed 12224K, reserved 1048576K
}
Event: 209.573 GC heap before
{Heap before GC invocations=97 (full 0):
 garbage-first heap   total reserved 4126720K, committed 81920K, used 71073K [0x0000000704200000, 0x0000000800000000)
  region size 2048K, 17 young (34816K), 1 survivors (2048K)
 Metaspace       used 88108K, committed 88896K, reserved 1179648K
  class space    used 11873K, committed 12224K, reserved 1048576K
}
Event: 209.575 GC heap after
{Heap after GC invocations=98 (full 0):
 garbage-first heap   total reserved 4126720K, committed 81920K, used 40384K [0x0000000704200000, 0x0000000800000000)
  region size 2048K, 1 young (2048K), 1 survivors (2048K)
 Metaspace       used 88108K, committed 88896K, reserved 1179648K
  class space    used 11873K, committed 12224K, reserved 1048576K
}
Event: 210.268 GC heap before
{Heap before GC invocations=99 (full 0):
 garbage-first heap   total reserved 4126720K, committed 81920K, used 71104K [0x0000000704200000, 0x0000000800000000)
  region size 2048K, 17 young (34816K), 1 survivors (2048K)
 Metaspace       used 88108K, committed 88896K, reserved 1179648K
  class space    used 11873K, committed 12224K, reserved 1048576K
}
Event: 210.269 GC heap after
{Heap after GC invocations=100 (full 0):
 garbage-first heap   total reserved 4126720K, committed 81920K, used 40407K [0x0000000704200000, 0x0000000800000000)
  region size 2048K, 1 young (2048K), 1 survivors (2048K)
 Metaspace       used 88108K, committed 88896K, reserved 1179648K
  class space    used 11873K, committed 12224K, reserved 1048576K
}
Event: 211.032 GC heap before
{Heap before GC invocations=100 (full 0):
 garbage-first heap   total reserved 4126720K, committed 81920K, used 71127K [0x0000000704200000, 0x0000000800000000)
  region size 2048K, 17 young (34816K), 1 survivors (2048K)
 Metaspace       used 88108K, committed 88896K, reserved 1179648K
  class space    used 11873K, committed 12224K, reserved 1048576K
}
Event: 211.033 GC heap after
{Heap after GC invocations=101 (full 0):
 garbage-first heap   total reserved 4126720K, committed 81920K, used 40385K [0x0000000704200000, 0x0000000800000000)
  region size 2048K, 1 young (2048K), 1 survivors (2048K)
 Metaspace       used 88108K, committed 88896K, reserved 1179648K
  class space    used 11873K, committed 12224K, reserved 1048576K
}
Event: 211.985 GC heap before
{Heap before GC invocations=102 (full 0):
 garbage-first heap   total reserved 4126720K, committed 81920K, used 71105K [0x0000000704200000, 0x0000000800000000)
  region size 2048K, 17 young (34816K), 1 survivors (2048K)
 Metaspace       used 88109K, committed 88896K, reserved 1179648K
  class space    used 11873K, committed 12224K, reserved 1048576K
}
Event: 211.986 GC heap after
{Heap after GC invocations=103 (full 0):
 garbage-first heap   total reserved 4126720K, committed 81920K, used 40423K [0x0000000704200000, 0x0000000800000000)
  region size 2048K, 1 young (2048K), 1 survivors (2048K)
 Metaspace       used 88109K, committed 88896K, reserved 1179648K
  class space    used 11873K, committed 12224K, reserved 1048576K
}
Event: 212.833 GC heap before
{Heap before GC invocations=103 (full 0):
 garbage-first heap   total reserved 4126720K, committed 81920K, used 71143K [0x0000000704200000, 0x0000000800000000)
  region size 2048K, 17 young (34816K), 1 survivors (2048K)
 Metaspace       used 88109K, committed 88896K, reserved 1179648K
  class space    used 11873K, committed 12224K, reserved 1048576K
}
Event: 212.834 GC heap after
{Heap after GC invocations=104 (full 0):
 garbage-first heap   total reserved 4126720K, committed 81920K, used 40381K [0x0000000704200000, 0x0000000800000000)
  region size 2048K, 1 young (2048K), 1 survivors (2048K)
 Metaspace       used 88109K, committed 88896K, reserved 1179648K
  class space    used 11873K, committed 12224K, reserved 1048576K
}

